<?xml version="1.0" encoding="UTF-8"?>
<!-- Generated by org.testng.reporters.JUnitReportReporter -->
<testsuite hostname="LAPTOP-QG62IU1U" failures="0" tests="1" name="Openecart.register.TC_RF_001" time="87.905" errors="0" timestamp="2025-06-12T16:01:05 IST" skipped="0">
  <testcase classname="Openecart.register.TC_RF_001" name="verifyRegisteringFields" time="87.905"/>
</testsuite> <!-- Openecart.register.TC_RF_001 -->
